<?xml version="1.0" encoding="UTF-8"?>
<!-- Generated by org.testng.reporters.JUnitReportReporter -->
<testsuite skipped="0" hostname="DESKTOP-1UAIDF9" name="MagentTest" tests="1" failures="0" timestamp="21 Jan 2019 12:11:46 GMT" time="140.336" errors="0">
  <testcase name="magento" time="140.336" classname="MagentTest"/>
</testsuite> <!-- MagentTest -->
